\BOOKMARK [1][-]{section.1}{\376\377\000C\000o\000m\000b\000i\000n\000a\000t\000o\000r\000i\000c\000s}{}% 1
\BOOKMARK [2][-]{subsection.1.1}{\376\377\000B\000u\000r\000n\000s\000i\000d\000e\000\040\000L\000e\000m\000m\000a}{section.1}% 2
\BOOKMARK [2][-]{subsection.1.2}{\376\377\000C\000a\000t\000l\000a\000n\000\040\000N\000u\000m\000b\000e\000r\000s}{section.1}% 3
\BOOKMARK [1][-]{section.2}{\376\377\000A\000l\000g\000e\000b\000r\000a}{}% 4
\BOOKMARK [2][-]{subsection.2.1}{\376\377\000P\000r\000i\000m\000i\000t\000i\000v\000e\000\040\000R\000o\000o\000t\000s}{section.2}% 5
\BOOKMARK [2][-]{subsection.2.2}{\376\377\000D\000i\000s\000c\000r\000e\000t\000e\000\040\000L\000o\000g\000a\000r\000i\000t\000h\000m}{section.2}% 6
\BOOKMARK [2][-]{subsection.2.3}{\376\377\000I\000t\000e\000r\000a\000t\000i\000o\000n\000\040\000o\000v\000e\000r\000\040\000s\000u\000b\000m\000a\000s\000k\000s}{section.2}% 7
\BOOKMARK [2][-]{subsection.2.4}{\376\377\000T\000o\000t\000i\000e\000n\000t\000\040\000f\000u\000n\000c\000t\000i\000o\000n}{section.2}% 8
\BOOKMARK [2][-]{subsection.2.5}{\376\377\000C\000R\000T\000\040\000a\000n\000d\000\040\000E\000E\000G\000C\000D}{section.2}% 9
\BOOKMARK [2][-]{subsection.2.6}{\376\377\000F\000F\000T}{section.2}% 10
\BOOKMARK [2][-]{subsection.2.7}{\376\377\000F\000i\000b\000o\000n\000a\000c\000c\000i}{section.2}% 11
\BOOKMARK [2][-]{subsection.2.8}{\376\377\000G\000a\000u\000s\000s\000\040\000D\000e\000t\000e\000r\000m\000i\000n\000a\000n\000t}{section.2}% 12
\BOOKMARK [2][-]{subsection.2.9}{\376\377\000G\000A\000U\000S\000S\000\040\000S\000L\000A\000E}{section.2}% 13
\BOOKMARK [2][-]{subsection.2.10}{\376\377\000M\000a\000t\000r\000i\000x\000\040\000I\000n\000v\000e\000r\000s\000e}{section.2}% 14
\BOOKMARK [2][-]{subsection.2.11}{\376\377\000N\000T\000T}{section.2}% 15
\BOOKMARK [2][-]{subsection.2.12}{\376\377\000N\000T\000T\000\040\000o\000f\000\040\000K\000A\000C\000T\000L}{section.2}% 16
\BOOKMARK [1][-]{section.3}{\376\377\000D\000a\000t\000a\000\040\000S\000t\000r\000u\000c\000t\000u\000r\000e\000s}{}% 17
\BOOKMARK [2][-]{subsection.3.1}{\376\377\0002\000D\000\040\000B\000I\000T}{section.3}% 18
\BOOKMARK [2][-]{subsection.3.2}{\376\377\0002\000D\000\040\000S\000p\000a\000r\000s\000e\000\040\000t\000a\000b\000l\000e}{section.3}% 19
\BOOKMARK [2][-]{subsection.3.3}{\376\377\000h\000i\000l\000l\000b\000e\000r\000t\000\040\000O\000r\000d\000e\000r}{section.3}% 20
\BOOKMARK [2][-]{subsection.3.4}{\376\377\000M\000e\000r\000g\000e\000\040\000S\000o\000r\000t\000\040\000B\000i\000t\000\040\000w\000i\000t\000h\000\040\000u\000p\000d\000a\000t\000e\000s}{section.3}% 21
\BOOKMARK [2][-]{subsection.3.5}{\376\377\000M\000o\000'\000s}{section.3}% 22
\BOOKMARK [2][-]{subsection.3.6}{\376\377\000M\000o\000\040\000W\000i\000t\000h\000\040\000U\000p\000d\000a\000t\000e\000s}{section.3}% 23
\BOOKMARK [2][-]{subsection.3.7}{\376\377\000O\000r\000d\000e\000r\000e\000d\000\040\000S\000e\000t}{section.3}% 24
\BOOKMARK [2][-]{subsection.3.8}{\376\377\000P\000e\000r\000s\000i\000s\000t\000e\000n\000t\000\040\000S\000e\000g\000\040\000T\000r\000e\000e}{section.3}% 25
\BOOKMARK [2][-]{subsection.3.9}{\376\377\000S\000q\000r\000t\000\040\000D\000e\000c\000o\000m\000p\000o\000s\000i\000t\000i\000o\000n}{section.3}% 26
\BOOKMARK [2][-]{subsection.3.10}{\376\377\000T\000r\000e\000a\000p}{section.3}% 27
\BOOKMARK [2][-]{subsection.3.11}{\376\377\000W\000a\000v\000e\000l\000e\000t\000\040\000T\000r\000e\000e}{section.3}% 28
\BOOKMARK [1][-]{section.4}{\376\377\000D\000P}{}% 29
\BOOKMARK [2][-]{subsection.4.1}{\376\377\000D\000y\000n\000a\000m\000i\000c\000\040\000C\000o\000n\000v\000e\000x\000\040\000H\000u\000l\000l\000\040\000T\000r\000i\000c\000k}{section.4}% 30
\BOOKMARK [2][-]{subsection.4.2}{\376\377\000D\000y\000n\000a\000m\000i\000c\000\040\000C\000o\000n\000n\000e\000c\000t\000i\000v\000e\000t\000y\000\040\000w\000i\000t\000h\000\040\000S\000e\000g\000T\000r\000e\000e}{section.4}% 31
\BOOKMARK [2][-]{subsection.4.3}{\376\377\000L\000i\000\040\000C\000h\000a\000o\000\040\000T\000r\000e\000e}{section.4}% 32
\BOOKMARK [2][-]{subsection.4.4}{\376\377\000C\000H\000T\000\040\000L\000i\000n\000e\000\040\000C\000o\000n\000t\000a\000i\000n\000e\000r}{section.4}% 33
\BOOKMARK [1][-]{section.5}{\376\377\000G\000e\000o\000m\000e\000t\000r\000y}{}% 34
\BOOKMARK [1][-]{section.6}{\376\377\000G\000r\000a\000p\000h\000s}{}% 35
\BOOKMARK [1][-]{section.7}{\376\377\000M\000a\000t\000h}{}% 36
\BOOKMARK [2][-]{subsection.7.1}{\376\377\000X\000o\000r\000\040\000W\000i\000t\000h\000\040\000G\000a\000u\000s\000s}{section.7}% 37
\BOOKMARK [2][-]{subsection.7.2}{\376\377\000J\000o\000s\000e\000p\000h\000u\000s}{section.7}% 38
\BOOKMARK [2][-]{subsection.7.3}{\376\377\000M\000a\000t\000r\000i\000x\000\040\000P\000o\000w\000e\000r\000/\000M\000u\000l\000t\000i\000p\000l\000i\000c\000a\000t\000i\000o\000n}{section.7}% 39
\BOOKMARK [2][-]{subsection.7.4}{\376\377\000R\000a\000b\000i\000n\000\040\000M\000i\000l\000l\000e\000r\000\040\000P\000r\000i\000m\000a\000l\000i\000t\000y\000\040\000c\000h\000e\000c\000k}{section.7}% 40
\BOOKMARK [1][-]{section.8}{\376\377\000S\000t\000r\000i\000n\000g\000s}{}% 41
\BOOKMARK [2][-]{subsection.8.1}{\376\377\000A\000h\000o\000-\000C\000o\000r\000a\000s\000i\000c\000k\000\040\000M\000o\000s\000t\000a\000f\000a}{section.8}% 42
\BOOKMARK [2][-]{subsection.8.2}{\376\377\000A\000h\000o\000-\000C\000o\000r\000a\000s\000i\000c\000k\000\040\000A\000n\000a\000n\000y}{section.8}% 43
\BOOKMARK [2][-]{subsection.8.3}{\376\377\000K\000M\000P\000\040\000A\000n\000a\000n\000y}{section.8}% 44
\BOOKMARK [2][-]{subsection.8.4}{\376\377\000M\000a\000n\000a\000c\000h\000e\000r\000\040\000K\000a\000c\000t\000l}{section.8}% 45
\BOOKMARK [2][-]{subsection.8.5}{\376\377\000S\000u\000f\000f\000i\000x\000\040\000A\000r\000r\000a\000y\000\040\000K\000a\000c\000t\000l}{section.8}% 46
\BOOKMARK [2][-]{subsection.8.6}{\376\377\000S\000u\000f\000f\000i\000x\000\040\000A\000u\000t\000o\000m\000a\000t\000o\000n\000\040\000A\000n\000a\000n\000y}{section.8}% 47
\BOOKMARK [2][-]{subsection.8.7}{\376\377\000S\000u\000f\000f\000i\000x\000\040\000A\000u\000t\000o\000m\000a\000t\000o\000n\000\040\000M\000o\000s\000t\000a\000f\000a}{section.8}% 48
\BOOKMARK [2][-]{subsection.8.8}{\376\377\000S\000u\000f\000f\000i\000x\000\040\000A\000u\000t\000o\000m\000a\000t\000o\000n\000\040\000W\000i\000t\000h\000\040\000R\000o\000l\000l\000b\000a\000c\000k\000\040\000M\000o\000s\000t\000a\000f\000a}{section.8}% 49
\BOOKMARK [2][-]{subsection.8.9}{\376\377\000Z\000a\000l\000g\000o\000\040\000A\000n\000a\000n\000y}{section.8}% 50
\BOOKMARK [1][-]{section.9}{\376\377\000T\000r\000e\000e\000s}{}% 51
\BOOKMARK [2][-]{subsection.9.1}{\376\377\000C\000e\000n\000t\000r\000o\000i\000d\000\040\000D\000e\000c\000o\000m\000p\000o\000s\000i\000t\000i\000o\000n}{section.9}% 52
\BOOKMARK [2][-]{subsection.9.2}{\376\377\000D\000s\000u\000\040\000O\000n\000\040\000T\000r\000e\000e\000s}{section.9}% 53
\BOOKMARK [2][-]{subsection.9.3}{\376\377\000H\000e\000a\000v\000y\000\040\000L\000i\000g\000h\000t\000\040\000D\000e\000c\000o\000m\000p\000o\000s\000i\000t\000i\000o\000n\000\040\000\050\000A\000l\000o\000n\000g\000\040\000w\000i\000t\000h\000\040\000E\000u\000l\000e\000r\000\040\000T\000o\000u\000r\000\051}{section.9}% 54
\BOOKMARK [2][-]{subsection.9.4}{\376\377\000L\000C\000A}{section.9}% 55
\BOOKMARK [2][-]{subsection.9.5}{\376\377\000M\000o\000\040\000o\000n\000\040\000T\000r\000e\000e\000s}{section.9}% 56
